{
  "RSpec": {
    "coverage": {
      "/Users/david.smyth/Code/Ruby/Poetry/app/helpers/application_helper.rb": [
        1,
        null,
        null,
        1,
        91,
        1,
        null,
        90,
        null,
        null,
        null,
        null
      ],
      "/Users/david.smyth/Code/Ruby/Poetry/app/helpers/sessions_helper.rb": [
        1,
        null,
        null,
        1,
        5,
        2,
        null,
        3,
        null,
        null,
        null,
        null,
        null,
        null,
        null,
        null,
        null,
        null,
        null,
        1,
        null,
        49,
        49,
        49,
        49,
        null,
        null,
        1,
        240,
        null,
        null,
        null,
        null,
        null,
        1,
        1,
        1,
        1,
        1,
        1,
        null,
        null,
        1,
        50,
        null,
        null,
        1,
        513,
        513,
        null,
        null,
        1,
        41,
        null,
        null,
        null,
        null,
        null,
        null,
        null,
        null,
        1,
        null,
        null,
        null,
        null,
        null,
        null,
        null,
        4,
        null,
        null,
        1,
        44,
        44,
        null,
        null
      ],
      "/Users/david.smyth/Code/Ruby/Poetry/app/helpers/static_pages_helper.rb": [
        1,
        null,
        null,
        null
      ],
      "/Users/david.smyth/Code/Ruby/Poetry/app/helpers/users_helper.rb": [
        1,
        null,
        null,
        1,
        121,
        1,
        null,
        120,
        null,
        null,
        null,
        null,
        null,
        null,
        null,
        null,
        null,
        1,
        158,
        158,
        158,
        158,
        158,
        null,
        null,
        null
      ],
      "/Users/david.smyth/Code/Ruby/Poetry/app/models/user.rb": [
        1,
        null,
        1,
        null,
        null,
        null,
        1,
        null,
        null,
        null,
        null,
        null,
        1,
        null,
        null,
        null,
        1,
        1,
        null,
        null,
        null,
        null,
        null,
        null,
        null,
        null,
        null,
        null,
        null,
        null,
        null,
        null,
        1,
        1,
        1,
        null,
        1,
        584,
        null,
        null,
        1,
        null,
        1,
        null,
        null,
        166,
        null,
        null,
        1,
        220,
        null,
        null,
        1,
        733,
        null,
        null,
        null,
        null
      ],
      "/Users/david.smyth/Code/Ruby/Poetry/app/controllers/sessions_controller.rb": [
        1,
        null,
        1,
        null,
        null,
        1,
        49,
        49,
        49,
        49,
        3,
        3,
        46,
        2,
        2,
        null,
        44,
        44,
        null,
        null,
        null,
        1,
        1,
        1,
        null,
        null,
        null
      ],
      "/Users/david.smyth/Code/Ruby/Poetry/app/controllers/application_controller.rb": [
        1,
        null,
        null,
        1,
        null,
        null,
        1,
        null
      ],
      "/Users/david.smyth/Code/Ruby/Poetry/app/controllers/static_pages_controller.rb": [
        1,
        1,
        null,
        null,
        1,
        null,
        null,
        1,
        null,
        null,
        1,
        null,
        null
      ],
      "/Users/david.smyth/Code/Ruby/Poetry/app/controllers/users_controller.rb": [
        1,
        null,
        1,
        1,
        1,
        null,
        1,
        13,
        null,
        null,
        1,
        null,
        null,
        null,
        null,
        null,
        8,
        8,
        5,
        5,
        null,
        null,
        null,
        5,
        null,
        3,
        null,
        null,
        null,
        1,
        57,
        null,
        null,
        1,
        null,
        null,
        1,
        7,
        6,
        6,
        null,
        1,
        null,
        null,
        null,
        1,
        15,
        null,
        null,
        1,
        1,
        1,
        1,
        null,
        null,
        1,
        null,
        null,
        null,
        null,
        null,
        1,
        15,
        null,
        null,
        null,
        null,
        1,
        53,
        4,
        null,
        4,
        null,
        null,
        null,
        1,
        34,
        34,
        null,
        null,
        1,
        2,
        null,
        null
      ]
    },
    "timestamp": 1407977193
  }
}
